<?xml version="1.0" encoding="UTF-8"?>
<testsuite name="com.codestates.restdocs.MemberControllerRestDocsTest" tests="1" skipped="0" failures="0" errors="0" timestamp="2022-08-18T08:27:37" hostname="YongJoo-Laptop-Mac.local" time="0.147">
  <properties/>
  <testcase name="getMemberTest()" classname="com.codestates.restdocs.MemberControllerRestDocsTest" time="0.147"/>
  <system-out><![CDATA[2022-08-18 17:27:36.219  INFO 73192 --- [    Test worker] .b.t.a.w.s.WebMvcTestContextBootstrapper : Neither @ContextConfiguration nor @ContextHierarchy found for test class [com.codestates.restdocs.MemberControllerRestDocsTest], using SpringBootContextLoader
2022-08-18 17:27:36.221  INFO 73192 --- [    Test worker] o.s.t.c.support.AbstractContextLoader    : Could not detect default resource locations for test class [com.codestates.restdocs.MemberControllerRestDocsTest]: no resource found for suffixes {-context.xml, Context.groovy}.
2022-08-18 17:27:36.221  INFO 73192 --- [    Test worker] t.c.s.AnnotationConfigContextLoaderUtils : Could not detect default configuration classes for test class [com.codestates.restdocs.MemberControllerRestDocsTest]: MemberControllerRestDocsTest does not declare any static, non-private, non-final, nested classes annotated with @Configuration.
2022-08-18 17:27:36.235  INFO 73192 --- [    Test worker] .b.t.c.SpringBootTestContextBootstrapper : Found @SpringBootConfiguration com.codestates.PracticeCountryBusinessOwnerUnionApplication for test class com.codestates.restdocs.MemberControllerRestDocsTest
2022-08-18 17:27:36.235  INFO 73192 --- [    Test worker] .b.t.a.w.s.WebMvcTestContextBootstrapper : Loaded default TestExecutionListener class names from location [META-INF/spring.factories]: [org.springframework.security.test.context.support.WithSecurityContextTestExecutionListener, org.springframework.security.test.context.support.ReactorContextTestExecutionListener, org.springframework.boot.test.autoconfigure.restdocs.RestDocsTestExecutionListener, org.springframework.boot.test.autoconfigure.web.client.MockRestServiceServerResetTestExecutionListener, org.springframework.boot.test.autoconfigure.web.servlet.MockMvcPrintOnlyOnFailureTestExecutionListener, org.springframework.boot.test.autoconfigure.web.servlet.WebDriverTestExecutionListener, org.springframework.boot.test.autoconfigure.webservices.client.MockWebServiceServerTestExecutionListener, org.springframework.boot.test.mock.mockito.MockitoTestExecutionListener, org.springframework.boot.test.mock.mockito.ResetMocksTestExecutionListener, org.springframework.test.context.web.ServletTestExecutionListener, org.springframework.test.context.support.DirtiesContextBeforeModesTestExecutionListener, org.springframework.test.context.event.ApplicationEventsTestExecutionListener, org.springframework.test.context.support.DependencyInjectionTestExecutionListener, org.springframework.test.context.support.DirtiesContextTestExecutionListener, org.springframework.test.context.transaction.TransactionalTestExecutionListener, org.springframework.test.context.jdbc.SqlScriptsTestExecutionListener, org.springframework.test.context.event.EventPublishingTestExecutionListener]
2022-08-18 17:27:36.236  INFO 73192 --- [    Test worker] .b.t.a.w.s.WebMvcTestContextBootstrapper : Using TestExecutionListeners: [org.springframework.test.context.web.ServletTestExecutionListener@27e7c77f, org.springframework.test.context.support.DirtiesContextBeforeModesTestExecutionListener@6f70a21b, org.springframework.test.context.event.ApplicationEventsTestExecutionListener@6ae62c7e, org.springframework.boot.test.mock.mockito.MockitoTestExecutionListener@2e869098, org.springframework.boot.test.autoconfigure.SpringBootDependencyInjectionTestExecutionListener@37c36608, org.springframework.test.context.support.DirtiesContextTestExecutionListener@5d497a91, org.springframework.test.context.transaction.TransactionalTestExecutionListener@617389a, org.springframework.test.context.jdbc.SqlScriptsTestExecutionListener@1c8f6a90, org.springframework.security.test.context.support.WithSecurityContextTestExecutionListener@3050ac2f, org.springframework.test.context.event.EventPublishingTestExecutionListener@265bd546, org.springframework.security.test.context.support.ReactorContextTestExecutionListener@1937eaff, org.springframework.boot.test.autoconfigure.restdocs.RestDocsTestExecutionListener@7e0bc8a3, org.springframework.boot.test.autoconfigure.web.client.MockRestServiceServerResetTestExecutionListener@4b0f2299, org.springframework.boot.test.autoconfigure.web.servlet.MockMvcPrintOnlyOnFailureTestExecutionListener@33063f5b, org.springframework.boot.test.autoconfigure.web.servlet.WebDriverTestExecutionListener@15405bd6, org.springframework.boot.test.autoconfigure.webservices.client.MockWebServiceServerTestExecutionListener@352ed70d, org.springframework.boot.test.mock.mockito.ResetMocksTestExecutionListener@70730db]

  .   ____          _            __ _ _
 /\\ / ___'_ __ _ _(_)_ __  __ _ \ \ \ \
( ( )\___ | '_ | '_| | '_ \/ _` | \ \ \ \
 \\/  ___)| |_)| | | | | || (_| |  ) ) ) )
  '  |____| .__|_| |_|_| |_\__, | / / / /
 =========|_|==============|___/=/_/_/_/
 :: Spring Boot ::                (v2.7.2)

2022-08-18 17:27:36.251  INFO 73192 --- [    Test worker] c.c.r.MemberControllerRestDocsTest       : Starting MemberControllerRestDocsTest using Java 11.0.15 on YongJoo-Laptop-Mac.local with PID 73192 (started by yongjoo_laptop_mac in /Users/yongjoo_laptop_mac/Dev_Training/Practice-Country-Business-Owner-Union)
2022-08-18 17:27:36.251  INFO 73192 --- [    Test worker] c.c.r.MemberControllerRestDocsTest       : No active profile set, falling back to 1 default profile: "default"
2022-08-18 17:27:37.192  INFO 73192 --- [    Test worker] o.s.b.t.m.w.SpringBootMockServletContext : Initializing Spring TestDispatcherServlet ''
2022-08-18 17:27:37.193  INFO 73192 --- [    Test worker] o.s.t.web.servlet.TestDispatcherServlet  : Initializing Servlet ''
2022-08-18 17:27:37.193  INFO 73192 --- [    Test worker] o.s.t.web.servlet.TestDispatcherServlet  : Completed initialization in 0 ms
2022-08-18 17:27:37.208  INFO 73192 --- [    Test worker] c.c.r.MemberControllerRestDocsTest       : Started MemberControllerRestDocsTest in 0.968 seconds (JVM running for 2.091)
]]></system-out>
  <system-err><![CDATA[]]></system-err>
</testsuite>
